1518266921278	geckodriver	INFO	geckodriver 0.19.1
1518266921294	geckodriver	INFO	Listening on 127.0.0.1:64431
1518266924554	mozrunner::runner	INFO	Running command: "E:\\firefox.exe" "-marionette" "-profile" "C:\\Users\\ADMINI~1\\AppData\\Local\\Temp\\rust_mozprofile.AJ1hTKvl8tX6"
1518266926442	Marionette	INFO	Enabled via --marionette
1518266931166	Marionette	INFO	Listening on port 64441
1518266932022	Marionette	WARN	TLS certificate errors will be ignored for this session
[Child 6468, Chrome_ChildThread] WARNING: pipe error: 109: file z:/build/build/src/ipc/chromium/src/chrome/common/ipc_channel_win.cc, line 346
*** UTM:SVC TimerManager:registerTimer called after profile-before-change notification. Ignoring timer registration for id: telemetry_modules_ping
1520051946910	geckodriver	INFO	geckodriver 0.19.1
1520051946975	geckodriver	INFO	Listening on 127.0.0.1:57580
1520051950292	mozrunner::runner	INFO	Running command: "E:\\firefox.exe" "-marionette" "-profile" "C:\\Users\\ADMINI~1\\AppData\\Local\\Temp\\rust_mozprofile.mnYLPGqcBUKN"
1520051951628	Marionette	INFO	Enabled via --marionette
1520051955826	Marionette	INFO	Listening on port 57590
1520051956125	Marionette	WARN	TLS certificate errors will be ignored for this session
[Child 5308, Chrome_ChildThread] WARNING: pipe error: 109: file z:/build/build/src/ipc/chromium/src/chrome/common/ipc_channel_win.cc, line 346
[Child 5308, Chrome_ChildThread] WARNING: pipe error: 109: file z:/build/build/src/ipc/chromium/src/chrome/common/ipc_channel_win.cc, line 346
[Child 4348, Chrome_ChildThread] WARNING: pipe error: 109: file z:/build/build/src/ipc/chromium/src/chrome/common/ipc_channel_win.cc, line 346
*** UTM:SVC TimerManager:registerTimer called a[Child 6532, Chrome_ChildThread] WARNING: pipe error: 109: file z:/build/build/src/ipc/chromium/src/chrome/common/ipc_channel_win.cc, line 346
[Child 6532, Chrome_ChildThread] WARNING: pipe error: 109: file z:/build/build/src/ipc/chromium/src/chrome/common/ipc_channel_win.cc, line 346
[Child 4676, Chrome_ChildThread] WARNING: pipe error: 109: file z:/build/build/src/ipc/chromium/src/chrome/common/ipc_channel_win.cc, line 346
[Child 4676, Chrome_ChildThread] WARNING: pipe error: 109: file z:/build/build/src/ipc/chromium/src/chrome/common/ipc_channel_win.cc, line 346
[Child 3412, Chrome_ChildThread] WARNING: pipe error: 109: file z:/build/build/src/ipc/chromium/src/chrome/common/ipc_channel_win.cc, line 346
[Child 3412, Chrome_ChildThread] WARNING: pipe error: 109: file z:/build/build/src/ipc/chromium/src/chrome/common/ipc_channel_win.cc, line 346
ent
JavaScript warning: https://www.googletagmanager.com/gtag/js?id=UA-462921-3, line 69: unreachable code after return statement
JavaScript warning: http://apps.bdimg.com/libs/jquery/2.0.3/jquery.min.js, line 1: Using //@ to indicate sourceMappingURL pragmas is deprecated. Use //# instead
JavaScript warning: https://www.googletagmanager.com/gtag/js?id=UA-462921-3, line 69: unreachable code after return statement
JavaScript warning: https://www.googletagmanager.com/gtag/js?id=UA-462921-3, line 69: unreachable code after return statement
[Parent 2384, Gecko_IOThread] WARNING: pipe error: 109: file z:/build/build/src/ipc/chromium/src/chrome/common/ipc_channel_win.cc, line 346
[Child 6548, Chrome_ChildThread] WARNING: pipe error: 109: file z:/build/build/src/ipc/chromium/src/chrome/common/ipc_channel_win.cc, line 346
*** UTM:SVC TimerManager:registerTimer called after profile-before-change notification. Ignoring timer registration for id: telemetry_modules_ping
1520052220535	geckodriver	INFO	geckodriver 0.19.1
1520052220546	geckodriver	INFO	Listening on 127.0.0.1:57854
1520052223610	mozrunner::runner	INFO	Running command: "E:\\firefox.exe" "-marionette" "-profile" "C:\\Users\\ADMINI~1\\AppData\\Local\\Temp\\rust_mozprofile.b6NurRA4yzFr"
1520052224563	Marionette	INFO	Enabled via --marionette
1520052227101	Marionette	INFO	Listening on port 57862
1520052227390	Marionette	WARN	TLS certificate errors will be ignored for this session
[Parent 6740, Gecko_IOThread] WARNING: pipe error: 109: file z:/build/build/src/ipc/chromium/src/chrome/common/ipc_channel_win.cc, line 346
[Child 5108, Chrome_ChildThread] WARNING: pipe error: 109: file z:/build/build/src/ipc/chromium/src/chrome/common/ipc_channel_win.cc, line 346
[Child 5108, Chrome_ChildThread] WARNING: pipe error: 109: file z:/build/build/src/ipc/chromium/src/chrome/common/ipc_channel_win.cc, line 346
[Child 5604, Chrome_ChildThread] WARNING: pipe err[Child 6392, Chrome_ChildThread] WARNING: pipe error: 109: file z:/build/build/src/ipc/chromium/src/chrome/common/ipc_channel_win.cc, line 346
[Child 5880, Chrome_ChildThread] WARNING: pipe error: 109: file z:/build/build/src/ipc/chromium/src/chrome/common/ipc_channel_win.cc, line 346
[Child 6392, Chrome_ChildThread] WARNING: pipe error: 109: file z:/build/build/src/ipc/chromium/src/chrome/common/ipc_channel_win.cc, line 346
[Child 5556, Chrome_ChildThread] WARNING: pipe [Child 4700, Chrome_ChildThread] WARNING: pipe error: 109: file z:/build/build/src/ipc/chromium/src/chrome/common/ipc_channel_win.cc, line 346
[Child 7396, Chrome_ChildThread] WARNING: pipe error: 109: file z:/build/build/src/ipc/chromium/src/chrome/common/ipc_channel_win.cc, line 346
[Parent 5996, Gecko_IOThread] WARNING: pipe error: 109: file z:/build/build/src/ipc/chromium/src/chrome/common/ipc_channel_win.cc, line 346
tificate errors will be ignored for this session
JavaScript warning: http://apps.bdimg.com/libs/jquery/2.0.3/jquery.min.js, line 1: Using //@ to indicate sourceMappingURL pragmas is deprecated. Use //# instead
JavaScript warning: https://www.googletagmanager.com/gtag/js?id=UA-462921-3, line 69: unreachable code after return statement
JavaScript warning: https://www.googletagmanager.com/gtag/js?id=UA-462921-3, line 69: unreachable code after return statement
JavaScript warning: http://apps.bdimg.com/libs/jquery/2.0.3/jquery.min.js, line 1: Using //@ to indicate sourceMappingURL pragmas is deprecated. Use //# instead
JavaScript warning: https://www.googletagmanager.com/gtag/js?id=UA-462921-3, line 69: unreachable code after return statement
JavaScript warning: https://www.googletagmanager.com/gtag/js?id=UA-462921-3, line 69: unreachable code after return statement
[Child 7216, Chrome_ChildThread] WARNING: pipe error: 109: file z:/build/build/src/ipc/chromium/src/chrome/common/ipc_channel_win.cc, line 346
[Child 8064, Chrome_ChildThread] WARNING: pipe error: 109: file z:/build/build/src/ipc/chromium/src/chrome/common/ipc_channel_win.cc, line 346

###!!! [Child][MessageChannel] Error: (msgtype=0x2C00AC,name=PContent::Msg_ScriptError) Channel closing: too late to send/recv, messages will be lost

[Child 8064, Chrome_ChildThread] WARNING: pipe error: 109: file z:/build/build/src/ipc/chromium/src/chrome/common/ipc_channel_win.cc, line 346
[Child 7660, Chrome_ChildThread] WARNING: pipe error: 109: file z:/build/build/src/ipc/chromium/src/chrome/common/ipc_channel_win.cc, line 346
[Child 7660, Chrome_ChildThread] WARNING: pipe error: 109: file z:/build/build/src/ipc/chromium/src/chrome/common/ipc_channel_win.cc, line 346
*** UTM:SVC TimerManager:registerTimer called after profile-before-change notification. Ignoring timer registration for id: telemetry_modules_ping
1520303291398	geckodriver	INFO	geckodriver 0.19.1
1520303291446	geckodriver	INFO	Listening on 127.0.0.1:51186
1520303294494	mozrunner::runner	INFO	Running command: "E:\\firefox.exe" "-marionette" "-profile" "C:\\Users\\ADMINI~1\\AppData\\Local\\Temp\\rust_mozprofile.9IHA5znSdviY"
1520303295449	Marionette	INFO	Enabled via --marionette
1520303297912	Marionette	INFO	Listening on port 51194
1520303298273	Marionette	WARN	TLS certificate errors will be ignored for this session
JavaScript warning: http://apps.bdimg.com/libs/jquery/2.0.3/jquery.min.js, line 1: Using //@ to indicate sourceMappingURL pragmas is deprecated. Use //# instead
JavaScript warning: https://www.googletagmanager.com/gtag/js?id=UA-462921-3, line 69: unreachable code after return statement
JavaScript warning: https://www.googletagmanager.com/gtag/js?id=UA-462921-3, line 69: unreachable code after return statement
[Parent 6736, Gecko_IOThread] WARNING: pipe error: 109: file z:/build/build/src/ipc/chromium/src/chrome/common/ipc_channel_win.cc, line 346
[Child 7316, Chrome_ChildThread] WARNING: pipe error: 109: file z:/build/build/src/ipc/chromium/src/chrome/common/ipc_channel_win.cc, line 346
[Child 7316, Chrome_ChildThread] WARNING: pipe error: 109: file z:/build/build/src/ipc/chromium/src/chrome/common/ipc_channel_win.cc, line 346
[Child 5928, Chrome_ChildThread] WARNING: pipe error: 109: file z:/build/build/src/ipc/chromium/src/chrome/common/ipc_channel_win.cc, line 346
[Child 5928, Chrome_ChildThread] WARNING: pipe error: 109: file z:/build/build/src/ipc/chromium/src/chrome/common/ipc_channel_win.cc, line 346
 line 69: unreachable code after return statement
JavaScript warning: https://www.googletagmanager.com/gtag/js?id=UA-462921-3, line 69: unreachable code after return statement
[Child 5436, Chrome_ChildThread] WARNING: pipe error: 109: file z:/build/build/src/ipc/chromium/src/chrome/common/ipc_channel_win.cc, line 346
